SF:D:\Personal\NumberValidator.Net\NumberValidator\Validators\DK\CVR.cs
FN:32,System.Boolean NumberValidator.Validators.DK.CVR::IsValid(System.String)
FNDA:4,System.Boolean NumberValidator.Validators.DK.CVR::IsValid(System.String)
DA:33,4
DA:35,4
DA:36,4
DA:37,4
DA:39,0
DA:40,0
DA:41,0
DA:43,4
FN:53,System.Void NumberValidator.Validators.DK.CVR::Validate(System.String)
FNDA:9,System.Void NumberValidator.Validators.DK.CVR::Validate(System.String)
DA:54,9
DA:55,9
DA:57,9
DA:58,4
FN:60,System.String NumberValidator.Validators.DK.CVR::ValidateFormat(System.String)
FNDA:9,System.String NumberValidator.Validators.DK.CVR::ValidateFormat(System.String)
DA:61,9
DA:62,9
DA:64,9
DA:65,4
DA:66,4
DA:69,5
DA:70,1
DA:71,1
DA:74,4
DA:75,4
BRDA:64,15,0,7
BRDA:64,28,0,6
BRDA:64,15,1,3
BRDA:64,28,1,3
BRDA:64,47,0,4
BRDA:64,47,1,5
BRDA:69,68,0,1
BRDA:69,68,1,4
FN:77,System.Int32 NumberValidator.Validators.DK.CVR::Checksum(System.String)
FNDA:5,System.Int32 NumberValidator.Validators.DK.CVR::Checksum(System.String)
DA:78,5
DA:79,5
DA:81,5
DA:82,90
DA:83,40
DA:84,40
DA:85,40
DA:87,5
DA:88,5
BRDA:82,66,1,40
BRDA:82,66,0,5
LF:31
LH:28
BRF:10
BRH:10
FNF:4
FNH:4
end_of_record
SF:D:\Personal\NumberValidator.Net\NumberValidator\Helpers\ExtensionMethods.cs
FN:7,System.String NumberValidator.Helpers.StringExtensions::Clean(System.String)
FNDA:20,System.String NumberValidator.Helpers.StringExtensions::Clean(System.String)
DA:8,20
DA:9,20
DA:10,3
DA:11,3
DA:14,17
DA:16,17
DA:17,20
BRDA:9,9,0,3
BRDA:9,9,1,17
FN:19,System.Boolean NumberValidator.Helpers.StringExtensions::IsDigit(System.String)
FNDA:9,System.Boolean NumberValidator.Helpers.StringExtensions::IsDigit(System.String)
DA:20,9
DA:21,9
DA:23,9
DA:24,9
LF:11
LH:11
BRF:2
BRH:2
FNF:2
FNH:2
end_of_record
SF:D:\Personal\NumberValidator.Net\NumberValidator\Helpers\ValidatorException.cs
FN:8,System.Void NumberValidator.Helpers.InvalidFormatException::.ctor()
FNDA:4,System.Void NumberValidator.Helpers.InvalidFormatException::.ctor()
DA:9,4
DA:10,8
FN:16,System.Void NumberValidator.Helpers.InvalidChecksumException::.ctor()
FNDA:1,System.Void NumberValidator.Helpers.InvalidChecksumException::.ctor()
DA:17,1
DA:18,2
FN:24,System.Void NumberValidator.Helpers.InvalidLengthException::.ctor()
FNDA:0,System.Void NumberValidator.Helpers.InvalidLengthException::.ctor()
DA:25,0
DA:26,0
FN:37,System.Void NumberValidator.Helpers.InvalidComponent::.ctor()
FNDA:0,System.Void NumberValidator.Helpers.InvalidComponent::.ctor()
DA:38,0
DA:39,0
LF:8
LH:4
BRF:0
BRH:0
FNF:4
FNH:2
end_of_record